<?xml version="1.0" encoding="UTF-8"?>
<!-- Generated by org.testng.reporters.JUnitXMLReporter -->
<testsuite ignored="0" hostname="DESKTOP-P9DI3HN" failures="0" tests="8" name="Default test" time="0.964" errors="0" timestamp="2025-01-21T21:32:59 IST">
  <testcase classname="datadriven.DataDrivenTestingReadingData" name="Login" time="0.011"/>
  <testcase classname="datadriven.DataDrivenTestingReadingData" name="Login" time="0.003"/>
  <testcase classname="datadriven.DataDrivenTestingReadingData" name="Login" time="0.003"/>
  <testcase classname="datadriven.DataDrivenTestingReadingData" name="Login" time="0.002"/>
  <testcase classname="datadriven.DataDrivenTestingReadingData" name="Login" time="0.001"/>
  <testcase classname="datadriven.DataDrivenTestingReadingData" name="Login" time="0.001"/>
  <testcase classname="datadriven.DataDrivenTestingReadingData" name="Login" time="0.001"/>
  <testcase classname="datadriven.DataDrivenTestingReadingData" name="Login" time="0.001"/>
</testsuite> <!-- Default test -->
